JvmtiExport can_access_local_variables 0
JvmtiExport can_hotswap_or_post_breakpoint 0
JvmtiExport can_post_on_exceptions 0
# 155 ciObject found
ciMethod java/lang/Object <init> ()V 4097 1 9553248 0 0
ciMethod java/util/List add (Ljava/lang/Object;)Z 0 0 1 0 -1
ciMethod java/util/Set add (Ljava/lang/Object;)Z 0 0 1 0 -1
ciMethodData java/lang/Object <init> ()V 2 9553257 orig 264 88 66 51 100 0 0 0 0 128 4 23 20 0 0 0 0 32 1 0 0 0 0 0 0 0 0 0 0 0 0 0 0 0 0 0 0 0 0 0 0 0 0 0 0 0 0 0 0 0 0 0 0 0 0 0 0 0 0 0 0 0 0 0 0 0 0 0 0 0 0 0 0 0 0 0 0 0 0 0 0 77 68 79 32 101 120 116 114 97 32 100 97 116 97 32 108 111 99 107 0 0 0 0 0 0 0 0 0 0 0 0 0 0 0 0 0 0 0 0 0 0 0 0 0 0 0 0 0 0 0 0 0 0 0 0 0 0 0 0 0 0 0 0 0 0 0 0 0 0 0 0 0 0 0 0 0 0 0 0 0 0 0 0 0 0 0 0 0 0 0 0 0 0 0 0 0 0 0 0 0 0 0 0 0 1 0 0 0 0 0 0 0 1 0 0 0 0 0 0 0 1 0 0 0 0 0 0 0 0 0 0 0 0 0 0 0 0 2 0 0 73 27 142 4 1 0 0 0 0 0 0 0 0 0 0 0 2 0 0 0 0 0 3 0 1 0 0 0 0 0 0 0 255 255 255 255 0 0 0 0 0 0 0 0 data 0 oops 0
ciMethod com/android/tools/r8/graph/DexItemFactory createField (Lcom/android/tools/r8/graph/DexType;Lcom/android/tools/r8/graph/DexType;Lcom/android/tools/r8/graph/DexString;)Lcom/android/tools/r8/graph/DexField; 105793 1 16164 0 -1
ciMethod com/android/tools/r8/graph/DexEncodedField <init> (Lcom/android/tools/r8/graph/DexField;Lcom/android/tools/r8/graph/FieldAccessFlags;Lcom/android/tools/r8/graph/DexAnnotationSet;Lcom/android/tools/r8/graph/DexValue;)V 4097 1 8835 0 -1
ciMethod com/android/tools/r8/graph/JarApplicationReader getString (Ljava/lang/String;)Lcom/android/tools/r8/graph/DexString; 2553 1 52772 0 -1
ciMethod com/android/tools/r8/graph/JarApplicationReader getTypeFromDescriptor (Ljava/lang/String;)Lcom/android/tools/r8/graph/DexType; 4121 1 13271 0 -1
ciMethod com/android/tools/r8/graph/JarApplicationReader getField (Lcom/android/tools/r8/graph/DexType;Ljava/lang/String;Ljava/lang/String;)Lcom/android/tools/r8/graph/DexField; 11977 1 12206 0 0
ciMethod com/android/tools/r8/graph/AccessFlags <init> (I)V 4105 1 31424 0 32
ciMethod com/android/tools/r8/graph/AccessFlags isStatic ()Z 4097 1 67763 0 -1
ciMethod com/android/tools/r8/graph/JarClassFileReader cleanAccessFlags (I)I 4105 1 29496 0 0
ciMethod com/android/tools/r8/graph/JarClassFileReader access$000 (I)I 4097 1 11727 0 0
ciMethod com/android/tools/r8/graph/JarClassFileReader access$200 (Ljava/util/List;)Lcom/android/tools/r8/graph/DexAnnotationSet; 4097 1 36627 0 -1
ciMethod com/android/tools/r8/graph/JarClassFileReader$CreateDexClassVisitor access$300 (Lcom/android/tools/r8/graph/JarClassFileReader$CreateDexClassVisitor;)Lcom/android/tools/r8/graph/JarApplicationReader; 2057 1 257 0 0
ciMethod com/android/tools/r8/graph/JarClassFileReader$CreateDexClassVisitor access$400 (Lcom/android/tools/r8/graph/JarClassFileReader$CreateDexClassVisitor;)Lcom/android/tools/r8/graph/DexType; 2881 1 360 0 0
ciMethod com/android/tools/r8/graph/JarClassFileReader$CreateDexClassVisitor access$500 (Lcom/android/tools/r8/graph/JarClassFileReader$CreateDexClassVisitor;)Ljava/util/Set; 7313 1 914 0 -1
ciMethod com/android/tools/r8/graph/JarClassFileReader$CreateDexClassVisitor access$600 (Lcom/android/tools/r8/graph/JarClassFileReader$CreateDexClassVisitor;)Ljava/util/List; 1193 1 149 0 -1
ciMethod com/android/tools/r8/graph/JarClassFileReader$CreateDexClassVisitor access$700 (Lcom/android/tools/r8/graph/JarClassFileReader$CreateDexClassVisitor;)Ljava/util/List; 6097 1 762 0 -1
ciMethod com/android/tools/r8/graph/JarClassFileReader$CreateFieldVisitor visitEnd ()V 17673 1 10533 0 -1
ciMethod com/android/tools/r8/graph/JarClassFileReader$CreateFieldVisitor getStaticValue (Ljava/lang/Object;Lcom/android/tools/r8/graph/DexType;)Lcom/android/tools/r8/graph/DexValue; 4097 1 6608 0 -1
ciMethod com/android/tools/r8/graph/FieldAccessFlags <init> (I)V 4097 1 8835 0 0
ciMethod com/android/tools/r8/graph/FieldAccessFlags fromCfAccessFlags (I)Lcom/android/tools/r8/graph/FieldAccessFlags; 4097 1 8836 0 0
ciMethod com/android/tools/r8/utils/FieldSignatureEquivalence get ()Lcom/android/tools/r8/utils/FieldSignatureEquivalence; 4097 1 8836 0 -1
ciMethod com/android/tools/r8/com/google/common/base/Equivalence wrap (Ljava/lang/Object;)Lcom/android/tools/r8/com/google/common/base/Equivalence$Wrapper; 4097 1 32795 0 -1
ciMethodData com/android/tools/r8/graph/JarClassFileReader cleanAccessFlags (I)I 2 29496 orig 264 88 66 51 100 0 0 0 0 232 73 124 35 0 0 0 0 32 1 0 0 0 0 0 0 0 0 0 0 0 0 0 0 0 0 0 0 0 0 0 0 0 0 0 0 0 0 0 0 0 0 0 0 0 0 0 0 0 0 0 0 0 0 0 0 0 0 0 0 0 0 0 0 0 0 0 0 0 0 0 0 77 68 79 32 101 120 116 114 97 32 100 97 116 97 32 108 111 99 107 0 0 0 0 0 0 0 0 0 0 0 0 0 0 0 0 0 0 0 0 0 0 0 0 0 0 0 0 0 0 0 0 0 0 0 0 0 0 0 0 0 0 0 0 0 0 0 0 0 0 0 0 0 0 0 0 0 0 0 0 0 0 0 0 0 0 0 0 0 0 0 0 0 0 0 0 0 0 0 0 0 0 0 0 0 0 0 0 0 0 0 0 0 0 0 0 0 0 0 0 0 0 0 0 0 0 0 0 0 0 0 0 0 0 0 0 0 1 2 0 0 185 137 3 0 1 0 0 0 0 0 0 0 0 0 0 0 2 0 0 0 0 0 3 0 1 0 0 0 0 0 0 0 255 255 255 255 0 0 0 0 0 0 0 0 data 0 oops 0
ciMethodData com/android/tools/r8/graph/AccessFlags <init> (I)V 2 31424 orig 264 88 66 51 100 0 0 0 0 0 124 123 35 0 0 0 0 56 1 0 0 0 0 0 0 0 0 0 0 0 0 0 0 0 0 0 0 0 0 0 0 0 0 0 0 0 0 0 0 0 0 0 0 0 0 0 0 0 0 0 0 0 0 0 0 0 0 0 0 0 0 0 0 0 0 0 0 0 0 0 0 77 68 79 32 101 120 116 114 97 32 100 97 116 97 32 108 111 99 107 0 0 0 0 0 0 0 0 0 0 0 0 0 0 0 0 0 0 0 0 0 0 0 0 0 0 0 0 0 0 0 0 0 0 0 0 0 0 0 0 0 0 0 0 0 0 0 0 0 0 0 0 0 0 0 0 0 0 0 0 0 0 0 0 0 0 0 0 0 0 0 0 0 0 0 0 0 0 0 0 0 0 0 0 0 0 0 0 0 0 0 0 0 0 0 0 0 0 0 0 0 0 0 0 0 0 0 0 0 0 0 0 0 0 0 0 0 1 2 0 0 249 197 3 0 1 0 0 0 0 0 0 0 0 0 0 0 2 0 0 0 0 0 3 0 2 0 0 0 16 0 0 0 255 255 255 255 2 0 1 0 0 0 0 0 data 2 0x10002 0x78bd oops 0
ciMethodData com/android/tools/r8/graph/JarClassFileReader access$000 (I)I 2 11727 orig 264 88 66 51 100 0 0 0 0 248 79 124 35 0 0 0 0 88 1 0 0 0 0 0 0 0 0 0 0 0 0 0 0 0 0 0 0 0 0 0 0 0 0 0 0 0 0 0 0 0 0 0 0 0 0 0 0 0 0 0 0 0 0 0 0 0 0 0 0 0 0 0 0 0 0 0 0 0 0 0 0 77 68 79 32 101 120 116 114 97 32 100 97 116 97 32 108 111 99 107 0 0 0 0 0 0 0 0 0 0 0 0 0 0 0 0 0 0 0 0 0 0 0 0 0 0 0 0 0 0 0 0 0 0 0 0 0 0 0 0 0 0 0 0 0 0 0 0 0 0 0 0 0 0 0 0 0 0 0 0 0 0 0 0 0 0 0 0 0 0 0 0 0 0 0 0 0 0 0 0 0 0 0 0 0 0 0 0 0 0 0 0 0 0 0 0 0 0 0 0 0 0 0 0 0 0 0 0 0 0 0 0 0 0 0 0 0 0 2 0 0 121 94 1 0 1 0 0 0 0 0 0 0 0 0 0 0 2 0 0 0 0 0 3 0 2 0 0 0 16 0 0 0 255 255 255 255 2 0 1 0 0 0 0 0 data 2 0x10002 0x2bcf oops 0
ciMethodData com/android/tools/r8/graph/JarApplicationReader getField (Lcom/android/tools/r8/graph/DexType;Ljava/lang/String;Ljava/lang/String;)Lcom/android/tools/r8/graph/DexField; 2 12206 orig 264 88 66 51 100 0 0 0 0 152 37 123 35 0 0 0 0 240 1 0 0 0 0 0 0 0 0 0 0 0 0 0 0 0 0 0 0 0 0 0 0 0 0 0 0 0 0 0 0 0 0 0 0 0 0 0 0 0 0 0 0 0 0 0 0 0 0 0 0 0 0 0 0 0 0 0 0 0 0 0 0 77 68 79 32 101 120 116 114 97 32 100 97 116 97 32 108 111 99 107 0 0 0 0 0 0 0 0 0 0 0 0 0 0 0 0 0 0 0 0 0 0 0 0 0 0 0 0 0 0 0 0 0 0 0 0 0 0 0 0 0 0 0 0 0 0 0 0 0 0 0 0 0 0 0 0 0 0 0 0 0 0 0 0 0 0 0 0 0 0 0 0 0 0 0 0 0 0 0 0 0 0 0 0 0 0 0 0 0 0 0 0 0 0 0 0 0 0 0 0 0 0 0 0 0 0 0 0 0 0 0 0 0 0 0 0 0 0 2 0 0 169 78 1 0 1 0 0 0 115 12 0 0 0 0 0 0 2 0 0 0 0 0 5 0 2 0 0 0 144 0 0 0 255 255 255 255 5 0 10 0 0 0 0 0 data 18 0xa0005 0x0 0x245b2150 0x29d5 0x0 0x0 0xf0005 0x0 0x245b2150 0x29d9 0x0 0x0 0x120005 0x0 0x256b2fa0 0x29d7 0x0 0x0 oops 3 2 com/android/tools/r8/graph/JarApplicationReader 8 com/android/tools/r8/graph/JarApplicationReader 14 com/android/tools/r8/graph/DexItemFactory
ciMethodData com/android/tools/r8/graph/JarClassFileReader$CreateFieldVisitor visitEnd ()V 2 10533 orig 264 88 66 51 100 0 0 0 0 168 161 126 35 0 0 0 0 176 4 0 0 144 2 0 0 0 0 0 0 0 0 0 0 0 0 0 0 0 0 0 0 0 0 0 0 0 0 0 0 0 0 0 0 0 0 0 0 0 0 0 0 0 0 0 0 0 0 0 0 0 0 0 0 0 0 0 0 0 0 0 0 77 68 79 32 101 120 116 114 97 32 100 97 116 97 32 108 111 99 107 0 0 0 0 0 0 0 0 0 0 0 0 0 0 0 0 0 0 0 0 0 0 0 0 0 0 0 0 0 0 0 0 0 0 0 0 0 0 0 0 0 0 0 0 0 0 0 0 0 0 0 0 0 0 0 0 0 0 0 0 0 0 0 0 0 0 0 0 0 0 0 0 0 0 0 0 0 0 0 0 0 0 0 0 0 0 0 0 0 0 0 0 0 0 0 0 0 0 0 0 0 0 0 0 0 0 0 0 0 0 0 0 0 0 0 0 0 0 2 0 0 33 4 1 0 1 0 0 0 0 0 0 0 0 0 0 0 2 0 0 0 0 0 38 0 2 0 0 0 104 3 0 0 255 255 255 255 2 0 4 0 0 0 0 0 data 109 0x40002 0x2083 0x70002 0x2083 0xf0002 0x2082 0x160002 0x2082 0x210005 0x0 0x245b2150 0x2081 0x0 0x0 0x250002 0x2083 0x290005 0xa56 0x245b2200 0x162c 0x0 0x0 0x310002 0x2082 0x350005 0x0 0x245b22b0 0x2081 0x0 0x0 0x3a0007 0x0 0x1b8 0x2083 0x410002 0x2083 0x470005 0x0 0x245b2360 0x2083 0x0 0x0 0x4a0007 0xa7e 0x48 0x1604 0x560002 0x1604 0x590003 0x1605 0x18 0x690002 0x2084 0x6f0005 0x0 0x245b2360 0x2084 0x0 0x0 0x720007 0xa7e 0x78 0x1607 0x790002 0x1607 0x7e0005 0x0 0x245b2410 0x1606 0x0 0x0 0x840003 0x1604 0x58 0x8b0002 0xa7d 0x900005 0x0 0x245b2410 0xa7d 0x0 0x0 0x960003 0x2083 0xd8 0x9d0002 0x0 0xb30005 0x0 0x0 0x0 0x0 0x0 0xb60004 0x0 0x0 0x0 0x0 0x0 0xb70002 0x0 0xba0002 0x0 0xbd0005 0x0 0x0 0x0 0x0 0x0 oops 7 10 com/android/tools/r8/graph/JarApplicationReader 18 com/android/tools/r8/utils/FieldSignatureEquivalence 26 java/util/HashSet 38 com/android/tools/r8/graph/FieldAccessFlags 55 com/android/tools/r8/graph/FieldAccessFlags 67 java/util/ArrayList 78 java/util/ArrayList
ciMethodData com/android/tools/r8/graph/FieldAccessFlags fromCfAccessFlags (I)Lcom/android/tools/r8/graph/FieldAccessFlags; 2 8836 orig 264 88 66 51 100 0 0 0 0 96 96 131 35 0 0 0 0 48 1 0 0 0 0 0 0 0 0 0 0 0 0 0 0 0 0 0 0 0 0 0 0 0 0 0 0 0 0 0 0 0 0 0 0 0 0 0 0 0 0 0 0 0 0 0 0 0 0 0 0 0 0 0 0 0 0 0 0 0 0 0 0 77 68 79 32 101 120 116 114 97 32 100 97 116 97 32 108 111 99 107 0 0 0 0 0 0 0 0 0 0 0 0 0 0 0 0 0 0 0 0 0 0 0 0 0 0 0 0 0 0 0 0 0 0 0 0 0 0 0 0 0 0 0 0 0 0 0 0 0 0 0 0 0 0 0 0 0 0 0 0 0 0 0 0 0 0 0 0 0 0 0 0 0 0 0 0 0 0 0 0 0 0 0 0 0 0 0 0 0 0 0 0 0 0 0 0 0 0 0 0 0 0 0 0 0 0 0 0 0 0 0 0 0 0 0 0 0 0 2 0 0 33 4 1 0 1 0 0 0 0 0 0 0 0 0 0 0 2 0 0 0 0 0 3 0 2 0 0 0 16 0 0 0 255 255 255 255 2 0 9 0 0 0 0 0 data 2 0x90002 0x2082 oops 0
ciMethodData com/android/tools/r8/graph/FieldAccessFlags <init> (I)V 2 8835 orig 264 88 66 51 100 0 0 0 0 232 92 131 35 0 0 0 0 56 1 0 0 0 0 0 0 0 0 0 0 0 0 0 0 0 0 0 0 0 0 0 0 0 0 0 0 0 0 0 0 0 0 0 0 0 0 0 0 0 0 0 0 0 0 0 0 0 0 0 0 0 0 0 0 0 0 0 0 0 0 0 0 77 68 79 32 101 120 116 114 97 32 100 97 116 97 32 108 111 99 107 0 0 0 0 0 0 0 0 0 0 0 0 0 0 0 0 0 0 0 0 0 0 0 0 0 0 0 0 0 0 0 0 0 0 0 0 0 0 0 0 0 0 0 0 0 0 0 0 0 0 0 0 0 0 0 0 0 0 0 0 0 0 0 0 0 0 0 0 0 0 0 0 0 0 0 0 0 0 0 0 0 0 0 0 0 0 0 0 0 0 0 0 0 0 0 0 0 0 0 0 0 0 0 0 0 0 0 0 0 0 0 0 0 0 0 0 0 0 2 0 0 25 4 1 0 1 0 0 0 0 0 0 0 0 0 0 0 2 0 0 0 0 0 3 0 2 0 0 0 16 0 0 0 255 255 255 255 2 0 2 0 0 0 0 0 data 2 0x20002 0x2082 oops 0
instanceKlass com/android/tools/r8/ir/regalloc/LinearScanRegisterAllocator$$Lambda$1271
instanceKlass java/lang/invoke/LambdaForm$DMH
instanceKlass java/util/ArrayDeque$1
instanceKlass com/android/tools/r8/ir/code/BasicBlock$1
instanceKlass com/android/tools/r8/com/google/common/collect/Iterators$ConcatenatedIterator
instanceKlass com/android/tools/r8/graph/DexItemFactory$$Lambda$1270
instanceKlass com/android/tools/r8/ir/regalloc/LinearScanRegisterAllocator$$Lambda$1269
instanceKlass com/android/tools/r8/com/google/common/base/Optional
instanceKlass com/android/tools/r8/graph/DexItemFactory$$Lambda$1268
instanceKlass com/android/tools/r8/graph/DexItemFactory$$Lambda$1267
instanceKlass com/android/tools/r8/graph/DexItemFactory$$Lambda$1266
instanceKlass com/android/tools/r8/com/google/common/collect/FluentIterable
instanceKlass com/android/tools/r8/it/unimi/dsi/fastutil/ints/Int2ReferenceAVLTreeMap$2$1
instanceKlass com/android/tools/r8/ir/code/Instruction$$Lambda$1265
instanceKlass com/android/tools/r8/ir/code/Instruction$$Lambda$1264
instanceKlass com/android/tools/r8/it/unimi/dsi/fastutil/ints/Int2ReferenceOpenHashMap$MapEntry
instanceKlass com/android/tools/r8/ir/regalloc/LinearScanRegisterAllocator$$Lambda$1261
instanceKlass com/android/tools/r8/ir/regalloc/LinearScanRegisterAllocator$$Lambda$1260
instanceKlass com/android/tools/r8/ir/regalloc/LinearScanRegisterAllocator$$Lambda$1263
instanceKlass com/android/tools/r8/ir/regalloc/LinearScanRegisterAllocator$$Lambda$1262
instanceKlass com/android/tools/r8/ir/regalloc/LinearScanRegisterAllocator$$Lambda$1259
instanceKlass com/android/tools/r8/ir/regalloc/LinearScanRegisterAllocator$$Lambda$1258
instanceKlass com/android/tools/r8/ir/regalloc/LinearScanRegisterAllocator$$Lambda$1257
instanceKlass com/android/tools/r8/ir/regalloc/LinearScanRegisterAllocator$$Lambda$1256
instanceKlass com/android/tools/r8/ir/regalloc/LinearScanRegisterAllocator$$Lambda$1255
instanceKlass com/android/tools/r8/ir/regalloc/LinearScanRegisterAllocator$$Lambda$1254
instanceKlass com/android/tools/r8/ir/regalloc/LinearScanRegisterAllocator$LocalRange
instanceKlass com/android/tools/r8/ir/regalloc/LinearScanRegisterAllocator$$Lambda$1250
instanceKlass com/android/tools/r8/ir/regalloc/LinearScanRegisterAllocator$$Lambda$1253
instanceKlass com/android/tools/r8/ir/regalloc/LinearScanRegisterAllocator$$Lambda$1252
instanceKlass com/android/tools/r8/ir/regalloc/LinearScanRegisterAllocator$$Lambda$1251
instanceKlass com/android/tools/r8/ir/code/Value$DebugData
instanceKlass com/android/tools/r8/it/unimi/dsi/fastutil/ints/Int2ReferenceAVLTreeMap$TreeIterator
instanceKlass com/android/tools/r8/ir/code/Neg$1
instanceKlass com/android/tools/r8/ir/analysis/constant/SparseConditionalConstantPropagation$$Lambda$1249
instanceKlass com/android/tools/r8/ir/conversion/JarState$LocalNodeInfo
instanceKlass com/android/tools/r8/graph/JarClassFileReader$CreateMethodVisitor$$Lambda$1248
instanceKlass com/android/tools/r8/ir/conversion/DexBuilder$FillArrayDataInfo
instanceKlass com/android/tools/r8/org/objectweb/asm/tree/LocalVariableNode
instanceKlass com/android/tools/r8/ByteDataView
instanceKlass com/android/tools/r8/dex/FileWriter$ByteBufferResult
instanceKlass java/util/zip/Adler32
instanceKlass com/android/tools/r8/utils/DexVersion$1
instanceKlass com/android/tools/r8/dex/Constants
instanceKlass com/android/tools/r8/dex/FileWriter$$Lambda$1243
instanceKlass com/android/tools/r8/dex/FileWriter$$Lambda$1247
instanceKlass com/android/tools/r8/dex/FileWriter$$Lambda$1246
instanceKlass com/android/tools/r8/dex/FileWriter$$Lambda$1245
instanceKlass com/android/tools/r8/dex/FileWriter$$Lambda$1244
instanceKlass com/android/tools/r8/dex/FileWriter$$Lambda$1231
instanceKlass com/android/tools/r8/dex/FileWriter$$Lambda$1242
instanceKlass com/android/tools/r8/dex/FileWriter$$Lambda$1241
instanceKlass com/android/tools/r8/dex/FileWriter$$Lambda$1240
instanceKlass com/android/tools/r8/dex/FileWriter$$Lambda$1239
instanceKlass com/android/tools/r8/dex/FileWriter$$Lambda$1238
instanceKlass com/android/tools/r8/dex/FileWriter$$Lambda$1237
instanceKlass com/android/tools/r8/dex/FileWriter$$Lambda$1236
instanceKlass com/android/tools/r8/dex/FileWriter$$Lambda$1235
instanceKlass com/android/tools/r8/dex/FileWriter$$Lambda$1234
instanceKlass com/android/tools/r8/dex/FileWriter$$Lambda$1232
instanceKlass com/android/tools/r8/dex/FileWriter$$Lambda$1233
instanceKlass com/android/tools/r8/dex/FileWriter$$Lambda$1228
instanceKlass com/android/tools/r8/dex/FileWriter$$Lambda$1224
instanceKlass com/android/tools/r8/dex/FileWriter$$Lambda$1221
instanceKlass com/android/tools/r8/dex/FileWriter$$Lambda$1230
instanceKlass com/android/tools/r8/dex/FileWriter$$Lambda$1229
instanceKlass com/android/tools/r8/dex/FileWriter$$Lambda$1227
instanceKlass com/android/tools/r8/dex/FileWriter$$Lambda$1225
instanceKlass com/android/tools/r8/dex/FileWriter$$Lambda$1226
instanceKlass com/android/tools/r8/dex/FileWriter$$Lambda$1223
instanceKlass com/android/tools/r8/dex/FileWriter$$Lambda$1222
instanceKlass com/android/tools/r8/dex/FileWriter$$Lambda$1220
instanceKlass com/android/tools/r8/dex/FileWriter$$Lambda$1219
instanceKlass com/android/tools/r8/dex/FileWriter$$Lambda$1217
instanceKlass com/android/tools/r8/dex/FileWriter$$Lambda$1218
instanceKlass com/android/tools/r8/dex/FileWriter$$Lambda$1216
instanceKlass com/android/tools/r8/dex/FileWriter$$Lambda$1215
instanceKlass com/android/tools/r8/dex/FileWriter$$Lambda$1214
instanceKlass com/android/tools/r8/dex/FileWriter$$Lambda$1213
instanceKlass com/android/tools/r8/dex/FileWriter$$Lambda$1212
instanceKlass com/android/tools/r8/dex/FileWriter$$Lambda$1211
instanceKlass com/android/tools/r8/dex/FileWriter$$Lambda$1205
instanceKlass com/android/tools/r8/dex/FileWriter$$Lambda$1206
instanceKlass com/android/tools/r8/dex/FileWriter$$Lambda$1207
instanceKlass com/android/tools/r8/dex/FileWriter$$Lambda$1208
instanceKlass com/android/tools/r8/dex/FileWriter$$Lambda$1209
instanceKlass com/android/tools/r8/dex/FileWriter$$Lambda$1210
instanceKlass com/android/tools/r8/dex/FileWriter$$Lambda$1204
instanceKlass com/android/tools/r8/dex/FileWriter$$Lambda$1196
instanceKlass com/android/tools/r8/dex/FileWriter$$Lambda$1202
instanceKlass com/android/tools/r8/dex/FileWriter$$Lambda$1199
instanceKlass com/android/tools/r8/dex/FileWriter$$Lambda$1203
instanceKlass com/android/tools/r8/dex/FileWriter$$Lambda$1201
instanceKlass com/android/tools/r8/dex/FileWriter$$Lambda$1200
instanceKlass com/android/tools/r8/dex/FileWriter$$Lambda$1198
instanceKlass com/android/tools/r8/dex/FileWriter$$Lambda$1197
instanceKlass com/android/tools/r8/dex/FileWriter$$Lambda$1195
instanceKlass com/android/tools/r8/dex/FileWriter$$Lambda$1188
instanceKlass com/android/tools/r8/dex/FileWriter$$Lambda$1190
instanceKlass com/android/tools/r8/dex/FileWriter$$Lambda$1192
instanceKlass com/android/tools/r8/dex/FileWriter$$Lambda$1189
instanceKlass com/android/tools/r8/dex/FileWriter$$Lambda$1191
instanceKlass com/android/tools/r8/dex/FileWriter$$Lambda$1193
instanceKlass com/android/tools/r8/dex/FileWriter$$Lambda$1194
instanceKlass com/android/tools/r8/dex/FileWriter$$Lambda$1187
instanceKlass com/android/tools/r8/dex/FileWriter$$Lambda$1186
instanceKlass com/android/tools/r8/dex/FileWriter$$Lambda$1185
instanceKlass com/android/tools/r8/dex/FileWriter$$Lambda$1184
instanceKlass com/android/tools/r8/dex/FileWriter$$Lambda$1183
instanceKlass com/android/tools/r8/utils/EncodedValueUtils
instanceKlass com/android/tools/r8/dex/FileWriter$$Lambda$1182
instanceKlass com/android/tools/r8/dex/FileWriter$$Lambda$1181
instanceKlass com/android/tools/r8/dex/FileWriter$$Lambda$1180
instanceKlass com/android/tools/r8/dex/FileWriter$$Lambda$1179
instanceKlass com/android/tools/r8/dex/FileWriter$$Lambda$1178
instanceKlass com/android/tools/r8/dex/FileWriter$$Lambda$1177
instanceKlass com/android/tools/r8/dex/FileWriter$$Lambda$1176
instanceKlass com/android/tools/r8/dex/FileWriter$$Lambda$1175
instanceKlass com/android/tools/r8/dex/FileWriter$$Lambda$1174
instanceKlass com/android/tools/r8/dex/DebugBytecodeWriter
instanceKlass com/android/tools/r8/dex/FileWriter$$Lambda$1173
instanceKlass com/android/tools/r8/dex/FileWriter$$Lambda$1172
instanceKlass com/android/tools/r8/dex/FileWriter$$Lambda$1171
instanceKlass com/android/tools/r8/dex/FileWriter$$Lambda$1170
instanceKlass com/android/tools/r8/dex/FileWriter$$Lambda$1168
instanceKlass com/android/tools/r8/dex/FileWriter$$Lambda$1169
instanceKlass com/android/tools/r8/dex/FileWriter$$Lambda$1167
instanceKlass com/android/tools/r8/dex/FileWriter$$Lambda$1166
instanceKlass com/android/tools/r8/dex/FileWriter$$Lambda$1165
instanceKlass com/android/tools/r8/dex/FileWriter$$Lambda$1163
instanceKlass com/android/tools/r8/dex/FileWriter$$Lambda$1164
instanceKlass java/lang/invoke/LambdaForm$DMH
instanceKlass java/lang/invoke/LambdaForm$DMH
instanceKlass java/lang/invoke/LambdaForm$DMH
instanceKlass com/android/tools/r8/utils/LebUtils
instanceKlass com/android/tools/r8/dex/FileWriter$$Lambda$1161
instanceKlass com/android/tools/r8/dex/FileWriter$$Lambda$1162
instanceKlass com/android/tools/r8/dex/FileWriter$$Lambda$1160
instanceKlass com/android/tools/r8/dex/FileWriter$$Lambda$1156
instanceKlass com/android/tools/r8/dex/FileWriter$$Lambda$1159
instanceKlass com/android/tools/r8/dex/FileWriter$$Lambda$1157
instanceKlass com/android/tools/r8/dex/FileWriter$$Lambda$1154
instanceKlass com/android/tools/r8/dex/FileWriter$$Lambda$1155
instanceKlass com/android/tools/r8/dex/FileWriter$$Lambda$1153
instanceKlass com/android/tools/r8/dex/FileWriter$$Lambda$1158
instanceKlass com/android/tools/r8/dex/FileWriter$Layout
instanceKlass com/android/tools/r8/utils/OrderedMergingIterator
instanceKlass com/android/tools/r8/graph/DexProgramClass$$Lambda$1152
instanceKlass com/android/tools/r8/graph/DexProgramClass$$Lambda$1151
instanceKlass com/android/tools/r8/graph/DexItem$$Lambda$1150
instanceKlass com/android/tools/r8/it/unimi/dsi/fastutil/objects/Reference2IntLinkedOpenHashMap$MapIterator
instanceKlass com/android/tools/r8/dex/FileWriter$$Lambda$1145
instanceKlass com/android/tools/r8/dex/FileWriter$$Lambda$1147
instanceKlass com/android/tools/r8/dex/FileWriter$$Lambda$1144
instanceKlass com/android/tools/r8/dex/FileWriter$$Lambda$1149
instanceKlass com/android/tools/r8/dex/FileWriter$$Lambda$1143
instanceKlass com/android/tools/r8/dex/FileWriter$$Lambda$1148
instanceKlass com/android/tools/r8/dex/FileWriter$$Lambda$1146
instanceKlass com/android/tools/r8/graph/ProgramClassVisitor
instanceKlass com/android/tools/r8/dex/DexOutputBuffer
instanceKlass com/android/tools/r8/dex/ApplicationWriter$$Lambda$1141
instanceKlass com/android/tools/r8/dex/FileWriter
instanceKlass com/android/tools/r8/dex/ApplicationWriter$$Lambda$1140
instanceKlass com/android/tools/r8/dex/ApplicationWriter$$Lambda$1142
instanceKlass com/android/tools/r8/graph/ObjectToOffsetMapping$$Lambda$1139
instanceKlass com/android/tools/r8/graph/ObjectToOffsetMapping$$Lambda$1138
instanceKlass com/android/tools/r8/graph/ObjectToOffsetMapping$$Lambda$1137
instanceKlass com/android/tools/r8/graph/ObjectToOffsetMapping$$Lambda$1134
instanceKlass com/android/tools/r8/graph/ObjectToOffsetMapping$$Lambda$1135
instanceKlass com/android/tools/r8/graph/ObjectToOffsetMapping$$Lambda$1136
instanceKlass com/android/tools/r8/graph/ObjectToOffsetMapping$$Lambda$1133
instanceKlass com/android/tools/r8/graph/ObjectToOffsetMapping$$Lambda$1132
instanceKlass com/android/tools/r8/graph/ObjectToOffsetMapping$$Lambda$1131
instanceKlass com/android/tools/r8/graph/ObjectToOffsetMapping$$Lambda$1130
instanceKlass com/android/tools/r8/graph/ObjectToOffsetMapping$$Lambda$1129
instanceKlass com/android/tools/r8/graph/ObjectToOffsetMapping$$Lambda$1128
instanceKlass com/android/tools/r8/graph/ObjectToOffsetMapping$$Lambda$1127
instanceKlass com/android/tools/r8/it/unimi/dsi/fastutil/objects/Reference2IntSortedMap$FastSortedEntrySet
instanceKlass com/android/tools/r8/it/unimi/dsi/fastutil/objects/ReferenceSortedSet
instanceKlass com/android/tools/r8/it/unimi/dsi/fastutil/objects/Reference2IntSortedMap
instanceKlass com/android/tools/r8/graph/ObjectToOffsetMapping$$Lambda$1122
instanceKlass com/android/tools/r8/graph/ObjectToOffsetMapping$$Lambda$1126
instanceKlass com/android/tools/r8/graph/ObjectToOffsetMapping$$Lambda$1125
instanceKlass com/android/tools/r8/graph/ObjectToOffsetMapping$$Lambda$1124
instanceKlass com/android/tools/r8/graph/ObjectToOffsetMapping$$Lambda$1123
instanceKlass com/android/tools/r8/graph/ObjectToOffsetMapping$$Lambda$1121
instanceKlass com/android/tools/r8/graph/ObjectToOffsetMapping$$Lambda$1120
instanceKlass com/android/tools/r8/graph/ObjectToOffsetMapping$$Lambda$1119
instanceKlass com/android/tools/r8/graph/ObjectToOffsetMapping$$Lambda$1118
instanceKlass com/android/tools/r8/graph/ObjectToOffsetMapping$$Lambda$1115
instanceKlass com/android/tools/r8/graph/ObjectToOffsetMapping$$Lambda$1116
instanceKlass com/android/tools/r8/graph/ObjectToOffsetMapping$$Lambda$1117
instanceKlass com/android/tools/r8/graph/ObjectToOffsetMapping$ProgramClassDepthsMemoized
instanceKlass com/android/tools/r8/dex/ApplicationWriter$$Lambda$1113
instanceKlass com/android/tools/r8/dex/ApplicationWriter$$Lambda$1114
instanceKlass com/android/tools/r8/graph/ObjectToOffsetMapping
instanceKlass com/android/tools/r8/graph/DexItem$$Lambda$1112
instanceKlass com/android/tools/r8/graph/DexItem$$Lambda$1111
instanceKlass com/android/tools/r8/graph/DexItem$$Lambda$1109
instanceKlass com/android/tools/r8/graph/DexItem$$Lambda$1107
instanceKlass com/android/tools/r8/graph/DexItem$$Lambda$1110
instanceKlass com/android/tools/r8/graph/DexItem$$Lambda$1106
instanceKlass com/android/tools/r8/graph/DexItem$$Lambda$1108
instanceKlass com/android/tools/r8/com/google/common/collect/Iterators$7
instanceKlass com/android/tools/r8/com/google/common/collect/Iterators$2
instanceKlass com/android/tools/r8/dex/VirtualFile$VirtualFileCycler
instanceKlass com/android/tools/r8/dex/VirtualFile$DistributorBase$$Lambda$1100
instanceKlass com/android/tools/r8/dex/VirtualFile$PackageSplitPopulator
instanceKlass com/android/tools/r8/dex/VirtualFile$DistributorBase$$Lambda$1105
instanceKlass com/android/tools/r8/dex/VirtualFile$DistributorBase$$Lambda$1099
instanceKlass com/android/tools/r8/dex/VirtualFile$DistributorBase$$Lambda$1101
instanceKlass com/android/tools/r8/dex/VirtualFile$DistributorBase$$Lambda$1104
instanceKlass com/android/tools/r8/dex/VirtualFile$DistributorBase$$Lambda$1103
instanceKlass com/android/tools/r8/dex/VirtualFile$DistributorBase$$Lambda$1102
instanceKlass com/android/tools/r8/dex/VirtualFile$$Lambda$1095
instanceKlass com/android/tools/r8/dex/VirtualFile$$Lambda$1094
instanceKlass com/android/tools/r8/dex/VirtualFile$$Lambda$1093
instanceKlass com/android/tools/r8/dex/VirtualFile$$Lambda$1098
instanceKlass com/android/tools/r8/dex/VirtualFile$$Lambda$1097
instanceKlass com/android/tools/r8/dex/VirtualFile$$Lambda$1096
instanceKlass com/android/tools/r8/naming/ClassNameMapper
instanceKlass com/android/tools/r8/naming/ProguardMap
instanceKlass com/android/tools/r8/com/google/common/collect/Collections2
instanceKlass com/android/tools/r8/dex/VirtualFile$IndexedItemTransaction$$Lambda$1092
instanceKlass com/android/tools/r8/dex/VirtualFile$IndexedItemTransaction$$Lambda$1091
instanceKlass com/android/tools/r8/dex/VirtualFile$IndexedItemTransaction$$Lambda$1087
instanceKlass com/android/tools/r8/dex/VirtualFile$IndexedItemTransaction$$Lambda$1090
instanceKlass com/android/tools/r8/dex/VirtualFile$IndexedItemTransaction$$Lambda$1089
instanceKlass com/android/tools/r8/dex/VirtualFile$IndexedItemTransaction$$Lambda$1088
instanceKlass com/android/tools/r8/dex/VirtualFile$IndexedItemTransaction$$Lambda$1086
instanceKlass com/android/tools/r8/dex/VirtualFile$IndexedItemTransaction$$Lambda$1084
instanceKlass com/android/tools/r8/dex/VirtualFile$IndexedItemTransaction$$Lambda$1085
instanceKlass com/android/tools/r8/dex/VirtualFile$IndexedItemTransaction$$Lambda$1083
instanceKlass com/android/tools/r8/dex/VirtualFile$IndexedItemTransaction$$Lambda$1082
instanceKlass com/android/tools/r8/dex/VirtualFile$IndexedItemTransaction$$Lambda$1081
instanceKlass com/android/tools/r8/dex/VirtualFile$IndexedItemTransaction$$Lambda$1076
instanceKlass com/android/tools/r8/dex/VirtualFile$IndexedItemTransaction$$Lambda$1080
instanceKlass com/android/tools/r8/dex/VirtualFile$IndexedItemTransaction$$Lambda$1079
instanceKlass com/android/tools/r8/dex/VirtualFile$IndexedItemTransaction$$Lambda$1078
instanceKlass com/android/tools/r8/dex/VirtualFile$IndexedItemTransaction$$Lambda$1075
instanceKlass com/android/tools/r8/dex/VirtualFile$IndexedItemTransaction$$Lambda$1077
instanceKlass com/android/tools/r8/dex/VirtualFile$IndexedItemTransaction$$Lambda$1074
instanceKlass com/android/tools/r8/dex/VirtualFile$IndexedItemTransaction$$Lambda$1068
instanceKlass com/android/tools/r8/dex/VirtualFile$IndexedItemTransaction$$Lambda$1070
instanceKlass com/android/tools/r8/dex/VirtualFile$IndexedItemTransaction$$Lambda$1069
instanceKlass com/android/tools/r8/dex/VirtualFile$IndexedItemTransaction$$Lambda$1071
instanceKlass com/android/tools/r8/dex/VirtualFile$IndexedItemTransaction$$Lambda$1072
instanceKlass com/android/tools/r8/dex/VirtualFile$IndexedItemTransaction$$Lambda$1073
instanceKlass com/android/tools/r8/dex/VirtualFile$IndexedItemTransaction$$Lambda$1067
instanceKlass com/android/tools/r8/dex/VirtualFile$IndexedItemTransaction$$Lambda$1066
instanceKlass com/android/tools/r8/dex/VirtualFile$IndexedItemTransaction$$Lambda$1065
instanceKlass com/android/tools/r8/dex/VirtualFile$IndexedItemTransaction$$Lambda$1062
instanceKlass com/android/tools/r8/dex/VirtualFile$IndexedItemTransaction$$Lambda$1064
instanceKlass com/android/tools/r8/dex/VirtualFile$IndexedItemTransaction$$Lambda$1063
instanceKlass com/android/tools/r8/dex/VirtualFile$IndexedItemTransaction$$Lambda$1061
instanceKlass com/android/tools/r8/dex/VirtualFile$IndexedItemTransaction$$Lambda$1060
instanceKlass com/android/tools/r8/dex/VirtualFile$IndexedItemTransaction$$Lambda$1058
instanceKlass com/android/tools/r8/dex/VirtualFile$IndexedItemTransaction$$Lambda$1059
instanceKlass com/android/tools/r8/dex/VirtualFile$IndexedItemTransaction$$Lambda$1057
instanceKlass com/android/tools/r8/dex/VirtualFile$IndexedItemTransaction$$Lambda$1056
instanceKlass com/android/tools/r8/dex/VirtualFile$IndexedItemTransaction$$Lambda$1054
instanceKlass com/android/tools/r8/dex/VirtualFile$IndexedItemTransaction$$Lambda$1055
instanceKlass com/android/tools/r8/dex/VirtualFile$IndexedItemTransaction$$Lambda$1053
instanceKlass com/android/tools/r8/dex/VirtualFile$IndexedItemTransaction$$Lambda$1052
instanceKlass com/android/tools/r8/dex/VirtualFile$IndexedItemTransaction$$Lambda$1051
instanceKlass com/android/tools/r8/dex/VirtualFile$IndexedItemTransaction$$Lambda$1050
instanceKlass com/android/tools/r8/dex/VirtualFile$IndexedItemTransaction$$Lambda$1048
instanceKlass com/android/tools/r8/dex/VirtualFile$IndexedItemTransaction$$Lambda$1049
instanceKlass com/android/tools/r8/dex/VirtualFile$IndexedItemTransaction$$Lambda$1047
instanceKlass com/android/tools/r8/dex/VirtualFile$IndexedItemTransaction$$Lambda$1046
instanceKlass com/android/tools/r8/dex/VirtualFile$IndexedItemTransaction$$Lambda$1045
instanceKlass com/android/tools/r8/dex/VirtualFile$IndexedItemTransaction$$Lambda$1044
instanceKlass com/android/tools/r8/dex/VirtualFile$IndexedItemTransaction$$Lambda$1041
instanceKlass com/android/tools/r8/dex/VirtualFile$IndexedItemTransaction$$Lambda$1043
instanceKlass com/android/tools/r8/dex/VirtualFile$IndexedItemTransaction$$Lambda$1042
instanceKlass com/android/tools/r8/dex/VirtualFile$IndexedItemTransaction$$Lambda$1039
instanceKlass com/android/tools/r8/dex/VirtualFile$IndexedItemTransaction$$Lambda$1040
instanceKlass com/android/tools/r8/dex/VirtualFile$IndexedItemTransaction$$Lambda$1036
instanceKlass com/android/tools/r8/dex/VirtualFile$IndexedItemTransaction$$Lambda$1035
instanceKlass com/android/tools/r8/dex/VirtualFile$IndexedItemTransaction$$Lambda$1032
instanceKlass com/android/tools/r8/dex/VirtualFile$IndexedItemTransaction$$Lambda$1038
instanceKlass com/android/tools/r8/dex/VirtualFile$IndexedItemTransaction$$Lambda$1037
instanceKlass com/android/tools/r8/dex/VirtualFile$IndexedItemTransaction$$Lambda$1033
instanceKlass com/android/tools/r8/dex/VirtualFile$IndexedItemTransaction$$Lambda$1034
instanceKlass com/android/tools/r8/dex/VirtualFile$IndexedItemTransaction
instanceKlass com/android/tools/r8/dex/VirtualFile$VirtualFileIndexedItemCollection
instanceKlass com/android/tools/r8/dex/IndexedItemCollection
instanceKlass com/android/tools/r8/dex/VirtualFile
instanceKlass com/android/tools/r8/graph/DexEncodedAnnotation$$Lambda$1031
instanceKlass com/android/tools/r8/graph/DexAnnotationSet$$Lambda$1030
instanceKlass com/android/tools/r8/graph/DexItem$$Lambda$1029
instanceKlass com/android/tools/r8/graph/DexProgramClass$$Lambda$1028
instanceKlass com/android/tools/r8/graph/DexProgramClass$$Lambda$1027
instanceKlass com/android/tools/r8/dex/ApplicationWriter$$Lambda$1026
instanceKlass com/android/tools/r8/graph/DexItemFactory$$Lambda$1023
instanceKlass com/android/tools/r8/graph/DexItemFactory$$Lambda$1025
instanceKlass com/android/tools/r8/graph/DexItemFactory$$Lambda$1024
instanceKlass com/android/tools/r8/com/google/gson/internal/bind/TypeAdapters$30
instanceKlass com/android/tools/r8/com/google/gson/internal/bind/TypeAdapters$34
instanceKlass com/android/tools/r8/com/google/gson/internal/bind/TypeAdapters$26
instanceKlass com/android/tools/r8/com/google/gson/internal/bind/TypeAdapters$35
instanceKlass com/android/tools/r8/com/google/gson/internal/bind/TypeAdapters$33
instanceKlass com/android/tools/r8/com/google/gson/internal/bind/TypeAdapters$32
instanceKlass com/android/tools/r8/com/google/gson/stream/JsonReader
instanceKlass com/android/tools/r8/com/google/gson/TypeAdapterFactory
instanceKlass com/android/tools/r8/ir/regalloc/SpillMoveSet$$Lambda$1022
instanceKlass com/android/tools/r8/it/unimi/dsi/fastutil/objects/Object2IntLinkedOpenHashMap$MapIterator
instanceKlass com/android/tools/r8/ir/optimize/CodeRewriter$SwitchBuilder$$Lambda$1021
instanceKlass com/android/tools/r8/ir/optimize/CodeRewriter$SwitchBuilder$$Lambda$1020
instanceKlass com/android/tools/r8/it/unimi/dsi/fastutil/ints/Int2ObjectAVLTreeMap$TreeIterator
instanceKlass com/android/tools/r8/it/unimi/dsi/fastutil/objects/Object2IntSortedMap$FastSortedEntrySet
instanceKlass com/android/tools/r8/it/unimi/dsi/fastutil/objects/Object2IntMap$FastEntrySet
instanceKlass com/android/tools/r8/it/unimi/dsi/fastutil/objects/AbstractObject2IntFunction
instanceKlass com/android/tools/r8/com/google/gson/TypeAdapter
instanceKlass com/android/tools/r8/it/unimi/dsi/fastutil/objects/Object2IntSortedMap
instanceKlass com/android/tools/r8/it/unimi/dsi/fastutil/ints/AbstractInt2ObjectMap$BasicEntry
instanceKlass com/android/tools/r8/it/unimi/dsi/fastutil/ints/Int2ObjectMap$Entry
instanceKlass com/android/tools/r8/com/google/gson/internal/bind/TypeAdapters
instanceKlass com/android/tools/r8/com/google/gson/internal/Streams
instanceKlass com/android/tools/r8/it/unimi/dsi/fastutil/objects/Object2IntMap
instanceKlass com/android/tools/r8/it/unimi/dsi/fastutil/objects/Object2IntFunction
instanceKlass com/android/tools/r8/com/google/gson/stream/JsonWriter
instanceKlass com/android/tools/r8/it/unimi/dsi/fastutil/ints/Int2ObjectSortedMap
instanceKlass com/android/tools/r8/dex/Marker$$Lambda$1015
instanceKlass com/android/tools/r8/dex/Marker$$Lambda$1019
instanceKlass com/android/tools/r8/dex/Marker$$Lambda$1018
instanceKlass com/android/tools/r8/dex/Marker$$Lambda$1017
instanceKlass com/android/tools/r8/dex/Marker$$Lambda$1014
instanceKlass com/android/tools/r8/dex/Marker$$Lambda$1016
instanceKlass com/android/tools/r8/dex/Marker$$Lambda$1013
instanceKlass com/android/tools/r8/naming/NamingLens
instanceKlass com/android/tools/r8/dex/VirtualFile$Distributor
instanceKlass com/android/tools/r8/dex/MixedSectionCollection
instanceKlass com/android/tools/r8/dex/ApplicationWriter
instanceKlass com/android/tools/r8/com/google/gson/internal/LinkedTreeMap$LinkedTreeMapIterator
instanceKlass com/android/tools/r8/com/google/gson/internal/$Gson$Preconditions
instanceKlass com/android/tools/r8/com/google/gson/internal/LinkedTreeMap$Node
instanceKlass com/android/tools/r8/com/google/gson/internal/LinkedTreeMap$1
instanceKlass com/android/tools/r8/com/google/gson/JsonElement
instanceKlass com/android/tools/r8/dex/Marker
instanceKlass com/android/tools/r8/com/google/common/collect/AbstractMapBasedMultimap$AsMap$AsMapIterator
instanceKlass com/android/tools/r8/ir/desugar/InterfaceProcessor
instanceKlass com/android/tools/r8/graph/GraphLense$Builder
instanceKlass com/android/tools/r8/ir/desugar/DefaultMethodsHelper$Collection
instanceKlass com/android/tools/r8/ir/desugar/DefaultMethodsHelper
instanceKlass com/android/tools/r8/ir/desugar/ClassProcessor
instanceKlass com/android/tools/r8/com/google/common/collect/CollectCollectors$$Lambda$1012
instanceKlass com/android/tools/r8/com/google/common/collect/CollectCollectors$$Lambda$1011
instanceKlass com/android/tools/r8/com/google/common/collect/CollectCollectors$$Lambda$1010
instanceKlass com/android/tools/r8/com/google/common/collect/CollectCollectors$$Lambda$1009
instanceKlass com/android/tools/r8/com/google/common/collect/CollectCollectors$$Lambda$1008
instanceKlass com/android/tools/r8/com/google/common/collect/CollectCollectors$$Lambda$1007
instanceKlass com/android/tools/r8/com/google/common/collect/CollectCollectors$$Lambda$1006
instanceKlass com/android/tools/r8/com/google/common/collect/CollectCollectors$$Lambda$1005
instanceKlass com/android/tools/r8/com/google/common/collect/CollectCollectors
instanceKlass java/util/IdentityHashMap$1
instanceKlass com/android/tools/r8/ir/desugar/LambdaRewriter$$Lambda$1002
instanceKlass com/android/tools/r8/ir/desugar/LambdaRewriter$$Lambda$1004
instanceKlass com/android/tools/r8/ir/desugar/LambdaRewriter$$Lambda$1003
instanceKlass com/android/tools/r8/ir/desugar/LambdaClass$Target
instanceKlass com/android/tools/r8/ir/desugar/LambdaClass
instanceKlass com/android/tools/r8/com/google/common/collect/AbstractMapBasedMultimap$WrappedCollection$WrappedIterator
instanceKlass com/android/tools/r8/ir/regalloc/LinearScanRegisterAllocator$$Lambda$1001
instanceKlass java/util/IdentityHashMap$IdentityHashMapSpliterator
instanceKlass com/android/tools/r8/graph/LazyLoadedDexApplication$Builder$$Lambda$1000
instanceKlass com/android/tools/r8/ir/code/LogicalBinop$1
instanceKlass com/android/tools/r8/ir/code/ArrayGet$1
instanceKlass com/android/tools/r8/ir/conversion/JarSourceCode$$Lambda$999
instanceKlass java/lang/invoke/LambdaForm$DMH
instanceKlass com/android/tools/r8/ir/optimize/CodeRewriter$$Lambda$998
instanceKlass com/android/tools/r8/ir/conversion/IRBuilder$1
instanceKlass com/android/tools/r8/ir/code/BasicBlockInstructionIterator$$Lambda$997
instanceKlass com/android/tools/r8/ir/code/ArithmeticBinop$1
instanceKlass com/android/tools/r8/ir/code/Cmp$1
instanceKlass com/android/tools/r8/com/google/common/base/Equivalence$1
instanceKlass com/android/tools/r8/ir/code/NumberConversion$1
instanceKlass com/android/tools/r8/graph/JarClassFileReader$CreateAnnotationVisitor$$Lambda$996
instanceKlass com/android/tools/r8/ir/code/ArrayPut$1
instanceKlass com/android/tools/r8/graph/AppInfo$MultiResultBuilder
instanceKlass com/android/tools/r8/ir/optimize/IdempotentFunctionCallCanonicalizer$$Lambda$995
instanceKlass com/android/tools/r8/ir/optimize/IdempotentFunctionCallCanonicalizer$$Lambda$994
instanceKlass com/android/tools/r8/ir/optimize/IdempotentFunctionCallCanonicalizer$$Lambda$993
instanceKlass com/android/tools/r8/ir/optimize/IdempotentFunctionCallCanonicalizer$$Lambda$992
instanceKlass com/android/tools/r8/graph/DebugLocalInfo
instanceKlass com/android/tools/r8/ir/regalloc/SpillMoveSet$$Lambda$991
instanceKlass com/android/tools/r8/ir/regalloc/SpillMoveSet$$Lambda$990
instanceKlass com/android/tools/r8/graph/DexValue$1
instanceKlass com/android/tools/r8/com/google/common/collect/Multisets$DecreasingCount
instanceKlass com/android/tools/r8/com/google/common/collect/Multisets$AbstractEntry
instanceKlass com/android/tools/r8/ir/code/If$1
instanceKlass com/android/tools/r8/com/google/common/collect/Count
instanceKlass com/android/tools/r8/com/google/common/primitives/Ints
instanceKlass com/android/tools/r8/com/google/common/collect/AbstractMapBasedMultiset$1
instanceKlass com/android/tools/r8/com/google/common/collect/SortedMultiset
instanceKlass com/android/tools/r8/com/google/common/collect/SortedIterable
instanceKlass com/android/tools/r8/com/google/common/collect/SortedMultisetBridge
instanceKlass com/android/tools/r8/com/google/common/collect/Multiset$Entry
instanceKlass com/android/tools/r8/com/google/common/collect/Multisets
instanceKlass com/android/tools/r8/ir/conversion/DexBuilder$SwitchPayloadInfo
instanceKlass com/android/tools/r8/ir/analysis/type/PrimitiveTypeLatticeElement$1
instanceKlass com/android/tools/r8/graph/DexItemFactory$$Lambda$989
instanceKlass com/android/tools/r8/com/google/common/collect/AbstractMultimap
instanceKlass com/android/tools/r8/ir/regalloc/RegisterMove
instanceKlass com/android/tools/r8/utils/LRUCacheTable$$Lambda$988
instanceKlass java/util/IdentityHashMap$EntryIterator$Entry
instanceKlass com/android/tools/r8/ir/analysis/type/ClassTypeLatticeElement$$Lambda$987
instanceKlass com/android/tools/r8/ir/analysis/type/ClassTypeLatticeElement$$Lambda$986
instanceKlass com/android/tools/r8/ir/analysis/type/ClassTypeLatticeElement$$Lambda$985
instanceKlass com/android/tools/r8/graph/DexItemFactory$$Lambda$984
instanceKlass com/android/tools/r8/ir/analysis/type/ClassTypeLatticeElement$InterfaceWithMarker
instanceKlass com/android/tools/r8/ir/optimize/RedundantFieldLoadElimination$$Lambda$983
instanceKlass com/android/tools/r8/ir/regalloc/RegisterMoveScheduler
instanceKlass com/android/tools/r8/ir/regalloc/SpillMoveSet$$Lambda$982
instanceKlass com/android/tools/r8/ir/regalloc/SpillMoveSet$$Lambda$981
instanceKlass com/android/tools/r8/ir/regalloc/SpillMoveSet$$Lambda$980
instanceKlass com/android/tools/r8/ir/regalloc/SpillMoveSet$$Lambda$979
instanceKlass com/android/tools/r8/ir/regalloc/SpillMove
instanceKlass com/android/tools/r8/ir/optimize/CodeRewriter$$Lambda$978
instanceKlass com/android/tools/r8/com/google/common/collect/Lists$ReverseList$1
instanceKlass com/android/tools/r8/com/google/common/collect/Lists
instanceKlass com/android/tools/r8/ir/conversion/DexBuilder$$Lambda$977
instanceKlass com/android/tools/r8/ir/optimize/CodeRewriter$InstructionBuilder
instanceKlass com/android/tools/r8/ir/conversion/DexBuilder$1
instanceKlass com/android/tools/r8/it/unimi/dsi/fastutil/Arrays
instanceKlass com/android/tools/r8/ir/optimize/CodeRewriter$$Lambda$976
instanceKlass com/android/tools/r8/com/google/common/base/ExtraObjectsMethodsForWeb
instanceKlass com/android/tools/r8/ir/conversion/DexBuilder$TryItem
instanceKlass com/android/tools/r8/ir/optimize/CodeRewriter$Interval
instanceKlass com/android/tools/r8/ir/optimize/PeepholeOptimizer$$Lambda$975
instanceKlass com/android/tools/r8/utils/ListUtils
instanceKlass com/android/tools/r8/ir/code/BasicBlock$$Lambda$974
instanceKlass java/lang/invoke/LambdaForm$DMH
instanceKlass com/android/tools/r8/ir/conversion/IRBuilder$ValueList
instanceKlass com/android/tools/r8/ir/code/Phi$$Lambda$973
instanceKlass com/android/tools/r8/ir/code/Phi$$Lambda$972
instanceKlass com/android/tools/r8/ir/conversion/TypeConstraintResolver$1
instanceKlass com/android/tools/r8/ir/conversion/IRBuilder$$Lambda$971
instanceKlass com/android/tools/r8/ir/conversion/IRBuilder$$Lambda$970
instanceKlass com/android/tools/r8/ir/conversion/TypeConstraintResolver
instanceKlass com/android/tools/r8/ir/optimize/PeepholeOptimizer$$Lambda$969
instanceKlass com/android/tools/r8/ir/optimize/CodeRewriter$$Lambda$968
instanceKlass com/android/tools/r8/ir/conversion/JarState$LocalChangeAtOffset
instanceKlass com/android/tools/r8/ir/code/InstanceGet$1
instanceKlass com/android/tools/r8/graph/AppInfo$$Lambda$967
instanceKlass com/android/tools/r8/graph/AppInfo$$Lambda$966
instanceKlass com/android/tools/r8/graph/DexEncodedMethod$1
instanceKlass com/android/tools/r8/ir/optimize/Inliner
instanceKlass com/android/tools/r8/ir/optimize/Inliner$ConstraintWithTarget
instanceKlass com/android/tools/r8/graph/DexDebugEventVisitor
instanceKlass com/android/tools/r8/ir/conversion/DexBuilder$TryInfo
instanceKlass java/lang/invoke/LambdaForm$DMH
instanceKlass com/android/tools/r8/graph/DexItemFactory$$Lambda$963
instanceKlass com/android/tools/r8/graph/DexItemFactory$$Lambda$965
instanceKlass java/lang/invoke/LambdaForm$DMH
instanceKlass com/android/tools/r8/graph/DexItemFactory$$Lambda$964
instanceKlass java/lang/invoke/LambdaForm$DMH
instanceKlass java/lang/invoke/LambdaForm$DMH
instanceKlass java/lang/invoke/LambdaForm$DMH
instanceKlass com/android/tools/r8/graph/DexItemFactory$$Lambda$962
instanceKlass java/lang/invoke/LambdaForm$DMH
instanceKlass java/lang/invoke/LambdaForm$DMH
instanceKlass com/android/tools/r8/ir/code/StaticPut$1
instanceKlass com/android/tools/r8/it/unimi/dsi/fastutil/ints/Int2ReferenceMaps
instanceKlass com/android/tools/r8/graph/DexDebugEventBuilder
instanceKlass com/android/tools/r8/utils/NumberUtils
instanceKlass com/android/tools/r8/ir/code/StaticGet$1
instanceKlass com/android/tools/r8/ir/code/InstancePut$1
instanceKlass com/android/tools/r8/ir/conversion/DexBuilder$Info
instanceKlass com/android/tools/r8/ir/conversion/DexBuilder
instanceKlass com/android/tools/r8/ir/optimize/MoveEliminator$$Lambda$961
instanceKlass com/android/tools/r8/ir/optimize/MoveEliminator$$Lambda$960
instanceKlass com/android/tools/r8/ir/optimize/MoveEliminator$$Lambda$959
instanceKlass com/android/tools/r8/ir/optimize/MoveEliminator$$Lambda$958
instanceKlass com/android/tools/r8/ir/optimize/MoveEliminator$$Lambda$956
instanceKlass com/android/tools/r8/ir/optimize/MoveEliminator$$Lambda$957
instanceKlass com/android/tools/r8/ir/optimize/MoveEliminator$$Lambda$955
instanceKlass com/android/tools/r8/ir/optimize/MoveEliminator
instanceKlass com/android/tools/r8/ir/optimize/PeepholeOptimizer
instanceKlass com/android/tools/r8/ir/analysis/type/NullLatticeElement
instanceKlass com/android/tools/r8/ir/code/Instruction$$Lambda$954
instanceKlass com/android/tools/r8/ir/code/BasicBlock$$Lambda$953
instanceKlass com/android/tools/r8/ir/regalloc/LinearScanRegisterAllocator$$Lambda$952
instanceKlass com/android/tools/r8/ir/regalloc/LinearScanRegisterAllocator$1
instanceKlass com/android/tools/r8/ir/regalloc/SpillMoveSet
instanceKlass com/android/tools/r8/ir/regalloc/LinearScanRegisterAllocator$$Lambda$951
instanceKlass com/android/tools/r8/ir/regalloc/LinearScanRegisterAllocator$$Lambda$950
instanceKlass com/android/tools/r8/ir/regalloc/LinearScanRegisterAllocator$$Lambda$949
instanceKlass com/android/tools/r8/ir/regalloc/LinearScanRegisterAllocator$$Lambda$948
instanceKlass com/android/tools/r8/ir/regalloc/LinearScanRegisterAllocator$$Lambda$947
instanceKlass java/lang/invoke/LambdaForm$DMH
instanceKlass com/android/tools/r8/ir/regalloc/LinearScanRegisterAllocator$$Lambda$946
instanceKlass com/android/tools/r8/ir/regalloc/RegisterPositions$1
instanceKlass java/lang/invoke/LambdaForm$MH
instanceKlass java/lang/invoke/LambdaForm$MH
instanceKlass java/lang/invoke/LambdaForm$MH
instanceKlass com/android/tools/r8/ir/optimize/CodeRewriter$$Lambda$945
instanceKlass com/android/tools/r8/ir/optimize/CodeRewriter$$Lambda$944
instanceKlass com/android/tools/r8/ir/optimize/CodeRewriter$$Lambda$943
instanceKlass java/lang/invoke/LambdaForm$DMH
instanceKlass java/lang/invoke/LambdaForm$DMH
instanceKlass java/lang/invoke/LambdaForm$DMH
instanceKlass com/android/tools/r8/ir/regalloc/RegisterPositions
instanceKlass com/android/tools/r8/ir/optimize/CodeRewriter$$Lambda$942
instanceKlass com/android/tools/r8/ir/optimize/CodeRewriter$$Lambda$941
instanceKlass com/android/tools/r8/ir/optimize/CodeRewriter$$Lambda$940
instanceKlass com/android/tools/r8/it/unimi/dsi/fastutil/objects/Object2ObjectLinkedOpenCustomHashMap$MapEntry
instanceKlass com/android/tools/r8/it/unimi/dsi/fastutil/objects/Object2ObjectLinkedOpenCustomHashMap$MapIterator
instanceKlass com/android/tools/r8/ir/regalloc/LiveIntervalsUse
instanceKlass com/android/tools/r8/ir/regalloc/LiveRange
instanceKlass com/android/tools/r8/ir/code/IRCode$LiveAtEntrySets
instanceKlass com/android/tools/r8/ir/regalloc/LiveIntervals
instanceKlass java/util/LinkedList$DescendingIterator
instanceKlass com/android/tools/r8/it/unimi/dsi/fastutil/ints/IntListIterator
instanceKlass com/android/tools/r8/it/unimi/dsi/fastutil/ints/IntBidirectionalIterator
instanceKlass com/android/tools/r8/it/unimi/dsi/fastutil/ints/IntStack
instanceKlass com/android/tools/r8/it/unimi/dsi/fastutil/Stack
instanceKlass com/android/tools/r8/com/google/common/io/Closer$SuppressingSuppressor
instanceKlass com/android/tools/r8/graph/ParameterUsagesInfo$ParameterUsage
instanceKlass com/android/tools/r8/graph/ParameterUsagesInfo
instanceKlass com/android/tools/r8/com/google/common/io/Closer$Suppressor
instanceKlass com/android/tools/r8/com/google/common/io/Closer
instanceKlass com/android/tools/r8/ir/optimize/ConstantCanonicalizer$$Lambda$938
instanceKlass com/android/tools/r8/ir/optimize/ConstantCanonicalizer$$Lambda$939
instanceKlass java/util/stream/SliceOps
instanceKlass com/android/tools/r8/graph/ParameterUsagesInfo$ParameterUsageBuilder
instanceKlass com/android/tools/r8/com/google/common/io/ByteArrayDataInput
instanceKlass com/android/tools/r8/com/google/common/io/ByteArrayDataOutput
instanceKlass com/android/tools/r8/ir/optimize/CodeRewriter$$Lambda$935
instanceKlass com/android/tools/r8/ir/optimize/CodeRewriter$$Lambda$937
instanceKlass com/android/tools/r8/ir/optimize/CodeRewriter$$Lambda$936
instanceKlass com/android/tools/r8/graph/DexEncodedMethod$ClassInlinerEligibility
instanceKlass com/android/tools/r8/com/google/common/collect/Multiset
instanceKlass com/android/tools/r8/ir/optimize/ConstantCanonicalizer$$Lambda$933
instanceKlass com/android/tools/r8/ir/optimize/ConstantCanonicalizer$$Lambda$934
instanceKlass com/android/tools/r8/ir/code/IRCode$$Lambda$932
instanceKlass com/android/tools/r8/ir/code/IRCode$$Lambda$931
instanceKlass com/android/tools/r8/ir/code/IRCode$$Lambda$930
instanceKlass com/android/tools/r8/ir/regalloc/LinearScanRegisterAllocator
instanceKlass com/android/tools/r8/ir/optimize/CodeRewriter$$Lambda$928
instanceKlass com/android/tools/r8/ir/optimize/CodeRewriter$$Lambda$929
instanceKlass com/android/tools/r8/ir/optimize/CodeRewriter$$Lambda$927
instanceKlass com/android/tools/r8/ir/optimize/ConstantCanonicalizer$$Lambda$925
instanceKlass com/android/tools/r8/ir/optimize/ConstantCanonicalizer$$Lambda$926
instanceKlass com/android/tools/r8/com/google/common/io/ByteStreams
instanceKlass com/android/tools/r8/it/unimi/dsi/fastutil/objects/Object2ObjectMap$Entry
instanceKlass com/android/tools/r8/it/unimi/dsi/fastutil/objects/ObjectListIterator
instanceKlass com/android/tools/r8/it/unimi/dsi/fastutil/objects/ObjectBidirectionalIterator
instanceKlass com/android/tools/r8/it/unimi/dsi/fastutil/BidirectionalIterator
instanceKlass com/android/builder/dexing/r8/CachingArchiveClassFileProvider$$Lambda$924
instanceKlass com/android/tools/r8/ir/conversion/IRConverter$$Lambda$923
instanceKlass com/android/tools/r8/it/unimi/dsi/fastutil/objects/ObjectIterator
instanceKlass com/android/tools/r8/ir/conversion/IRConverter$$Lambda$922
instanceKlass com/android/tools/r8/ir/optimize/CodeRewriter$$Lambda$921
instanceKlass com/android/tools/r8/ir/optimize/IdempotentFunctionCallCanonicalizer$1
instanceKlass com/android/tools/r8/ir/optimize/CodeRewriter$$Lambda$919
instanceKlass com/android/tools/r8/ir/optimize/CodeRewriter$$Lambda$920
instanceKlass com/android/tools/r8/ir/optimize/CodeRewriter$$Lambda$918
instanceKlass com/android/tools/r8/ir/optimize/CodeRewriter$$Lambda$917
instanceKlass com/android/tools/r8/com/google/common/base/Suppliers$MemoizingSupplier
instanceKlass com/android/tools/r8/com/google/common/base/Suppliers$NonSerializableMemoizingSupplier
instanceKlass com/android/tools/r8/ir/optimize/ConstantCanonicalizer$$Lambda$909
instanceKlass com/android/tools/r8/utils/ClassMap$ConcurrentClassLoader$$Lambda$916
instanceKlass com/android/tools/r8/utils/ClassMap$ConcurrentClassLoader
instanceKlass com/android/tools/r8/com/google/common/base/Suppliers
instanceKlass com/android/tools/r8/ir/optimize/CodeRewriter$$Lambda$915
instanceKlass com/android/tools/r8/ir/optimize/CodeRewriter$$Lambda$914
instanceKlass com/android/tools/r8/ir/optimize/CodeRewriter$$Lambda$913
instanceKlass com/android/tools/r8/ir/optimize/CodeRewriter$$Lambda$912
instanceKlass com/android/tools/r8/com/google/common/base/Supplier
instanceKlass com/android/tools/r8/ir/optimize/ConstantCanonicalizer$$Lambda$911
instanceKlass com/android/tools/r8/ir/optimize/ConstantCanonicalizer$$Lambda$910
instanceKlass com/android/tools/r8/ir/optimize/ConstantCanonicalizer$1
instanceKlass com/android/tools/r8/it/unimi/dsi/fastutil/objects/Object2ObjectSortedMap$FastSortedEntrySet
instanceKlass com/android/tools/r8/it/unimi/dsi/fastutil/objects/Object2ObjectMap$FastEntrySet
instanceKlass com/android/tools/r8/it/unimi/dsi/fastutil/objects/AbstractObject2ObjectFunction
instanceKlass com/android/tools/r8/it/unimi/dsi/fastutil/objects/Object2ObjectSortedMap
instanceKlass com/android/tools/r8/it/unimi/dsi/fastutil/objects/Object2ObjectMap
instanceKlass com/android/tools/r8/it/unimi/dsi/fastutil/objects/Object2ObjectFunction
instanceKlass com/android/tools/r8/utils/ClassMap$$Lambda$908
instanceKlass com/android/tools/r8/ir/optimize/ConstantCanonicalizer
instanceKlass com/android/tools/r8/ir/optimize/RedundantFieldLoadElimination$$Lambda$905
instanceKlass com/android/tools/r8/ir/optimize/RedundantFieldLoadElimination$$Lambda$906
instanceKlass com/android/tools/r8/ir/optimize/RedundantFieldLoadElimination$$Lambda$907
instanceKlass com/android/tools/r8/ir/optimize/RedundantFieldLoadElimination$FieldAndObject
instanceKlass com/android/tools/r8/ir/code/DominatorTree
instanceKlass com/android/tools/r8/ir/code/BasicBlock$BasicBlockChangeListener
instanceKlass com/android/tools/r8/ir/optimize/RedundantFieldLoadElimination
instanceKlass com/android/tools/r8/ir/analysis/constant/SparseConditionalConstantPropagation$$Lambda$897
instanceKlass com/android/tools/r8/ir/analysis/constant/SparseConditionalConstantPropagation$$Lambda$904
instanceKlass com/android/tools/r8/ir/analysis/constant/SparseConditionalConstantPropagation$$Lambda$903
instanceKlass com/android/tools/r8/ir/analysis/constant/SparseConditionalConstantPropagation$$Lambda$902
instanceKlass com/android/tools/r8/ir/analysis/constant/SparseConditionalConstantPropagation$$Lambda$901
instanceKlass com/android/tools/r8/ir/analysis/constant/SparseConditionalConstantPropagation$$Lambda$900
instanceKlass com/android/tools/r8/ir/analysis/constant/SparseConditionalConstantPropagation$$Lambda$899
instanceKlass com/android/tools/r8/ir/analysis/constant/SparseConditionalConstantPropagation$$Lambda$898
instanceKlass com/android/tools/r8/ir/analysis/constant/SparseConditionalConstantPropagation$$Lambda$895
instanceKlass com/android/tools/r8/ir/analysis/constant/SparseConditionalConstantPropagation$$Lambda$893
instanceKlass com/android/tools/r8/ir/analysis/constant/SparseConditionalConstantPropagation$$Lambda$892
instanceKlass com/android/tools/r8/ir/analysis/constant/SparseConditionalConstantPropagation$$Lambda$896
instanceKlass com/android/tools/r8/ir/analysis/constant/SparseConditionalConstantPropagation$$Lambda$894
instanceKlass com/android/tools/r8/ir/analysis/constant/SparseConditionalConstantPropagation$$Lambda$891
instanceKlass com/android/tools/r8/ir/analysis/constant/SparseConditionalConstantPropagation$$Lambda$890
instanceKlass com/android/tools/r8/ir/analysis/constant/SparseConditionalConstantPropagation$$Lambda$889
instanceKlass com/android/tools/r8/ir/analysis/constant/SparseConditionalConstantPropagation$$Lambda$888
instanceKlass com/android/tools/r8/ir/analysis/constant/SparseConditionalConstantPropagation$$Lambda$887
instanceKlass com/android/tools/r8/ir/analysis/constant/SparseConditionalConstantPropagation$$Lambda$886
instanceKlass com/android/tools/r8/ir/analysis/constant/SparseConditionalConstantPropagation$$Lambda$885
instanceKlass com/android/tools/r8/ir/code/IRCode$$Lambda$879
instanceKlass com/android/tools/r8/ir/code/IRCode$$Lambda$884
instanceKlass com/android/tools/r8/ir/code/IRCode$$Lambda$881
instanceKlass com/android/tools/r8/ir/code/IRCode$$Lambda$883
instanceKlass com/android/tools/r8/ir/code/IRCode$$Lambda$878
instanceKlass com/android/tools/r8/ir/code/IRCode$$Lambda$880
instanceKlass com/android/tools/r8/ir/code/IRCode$$Lambda$882
instanceKlass java/util/LinkedList$LLSpliterator
instanceKlass com/android/tools/r8/ir/optimize/CodeRewriter$$Lambda$877
instanceKlass com/android/tools/r8/ir/analysis/constant/SparseConditionalConstantPropagation
instanceKlass com/android/tools/r8/graph/DexClass$$Lambda$876
instanceKlass com/android/tools/r8/graph/DexClass$$Lambda$875
instanceKlass com/android/tools/r8/ir/analysis/type/TypeAnalysis$$Lambda$873
instanceKlass com/android/tools/r8/ir/analysis/type/TypeAnalysis$$Lambda$870
instanceKlass com/android/tools/r8/ir/analysis/type/TypeAnalysis$$Lambda$874
instanceKlass com/android/tools/r8/ir/analysis/type/TypeAnalysis$$Lambda$869
instanceKlass com/android/tools/r8/ir/analysis/type/TypeAnalysis$$Lambda$871
instanceKlass com/android/tools/r8/ir/analysis/type/TypeAnalysis$$Lambda$872
instanceKlass com/android/tools/r8/ir/code/IRCode$BlockMarker
instanceKlass com/android/tools/r8/ir/analysis/type/TypeAnalysis
instanceKlass com/android/tools/r8/ir/code/BasicBlockIterator
instanceKlass com/android/tools/r8/ir/code/IRCodeInstructionsIterator
instanceKlass com/android/tools/r8/ir/code/BasicBlockInstructionIterator
instanceKlass com/android/tools/r8/ir/code/Invoke$1
instanceKlass com/android/tools/r8/ir/conversion/JarSourceCode$$Lambda$868
instanceKlass com/android/tools/r8/ir/code/WideConstant
instanceKlass java/lang/invoke/LambdaForm$MH
instanceKlass java/lang/invoke/LambdaForm$MH
instanceKlass java/lang/invoke/LambdaForm$MH
instanceKlass java/lang/invoke/LambdaForm$MH
instanceKlass java/lang/invoke/LambdaForm$MH
instanceKlass com/android/tools/r8/ir/code/SingleConstant
instanceKlass com/android/tools/r8/ir/conversion/JarSourceCode$$Lambda$867
instanceKlass com/android/tools/r8/ir/conversion/JarSourceCode$$Lambda$866
instanceKlass com/android/tools/r8/ir/conversion/JarSourceCode$$Lambda$864
instanceKlass com/android/tools/r8/ir/conversion/JarSourceCode$$Lambda$863
instanceKlass com/android/tools/r8/ir/conversion/JarSourceCode$$Lambda$865
instanceKlass com/android/tools/r8/ir/code/Value$1
instanceKlass com/android/tools/r8/code/Instruction
instanceKlass com/android/tools/r8/ir/code/ValueTypeConstraint$1
instanceKlass com/android/tools/r8/utils/IteratorUtils
instanceKlass com/android/tools/r8/utils/Pair
instanceKlass com/android/tools/r8/position/Position
instanceKlass com/android/tools/r8/cf/code/CfInstruction
instanceKlass com/android/tools/r8/ir/analysis/constant/LatticeElement
instanceKlass com/android/tools/r8/ir/conversion/JarSourceCode$$Lambda$861
instanceKlass com/android/tools/r8/ir/conversion/JarSourceCode$$Lambda$862
instanceKlass com/android/tools/r8/ir/conversion/IRBuilder$WorklistItem
instanceKlass com/android/tools/r8/ir/conversion/JarSourceCode$$Lambda$860
instanceKlass com/android/tools/r8/ir/conversion/JarSourceCode$$Lambda$859
instanceKlass com/android/tools/r8/ir/conversion/JarSourceCode$$Lambda$857
instanceKlass com/android/tools/r8/ir/conversion/JarSourceCode$$Lambda$858
instanceKlass com/android/tools/r8/it/unimi/dsi/fastutil/ints/AbstractIntIterator
instanceKlass com/android/tools/r8/ir/conversion/JarState$Slot
instanceKlass com/android/tools/r8/ir/conversion/JarState$Snapshot
instanceKlass com/android/tools/r8/ir/conversion/JarSourceCode$JarStateWorklistItem
instanceKlass com/android/tools/r8/it/unimi/dsi/fastutil/ints/Int2ReferenceOpenHashMap$MapIterator
instanceKlass com/android/tools/r8/ir/code/Position
instanceKlass com/android/tools/r8/org/objectweb/asm/Handle
instanceKlass com/android/tools/r8/it/unimi/dsi/fastutil/ints/IntArrays$ArrayHashStrategy
instanceKlass com/android/tools/r8/it/unimi/dsi/fastutil/ints/IntArrays$Segment
instanceKlass com/android/tools/r8/it/unimi/dsi/fastutil/ints/IntArrays
instanceKlass com/android/tools/r8/it/unimi/dsi/fastutil/ints/IntIterator
instanceKlass com/android/tools/r8/ir/code/CatchHandlers
instanceKlass com/android/tools/r8/ir/code/InstructionListIterator
instanceKlass com/android/tools/r8/ir/code/PreviousUntilIterator
instanceKlass com/android/tools/r8/ir/code/InstructionIterator
instanceKlass com/android/tools/r8/ir/code/NextUntilIterator
instanceKlass com/android/tools/r8/ir/code/BasicBlock
instanceKlass com/android/tools/r8/ir/conversion/IRBuilder$BlockInfo
instanceKlass com/android/tools/r8/graph/GraphLense$RewrittenPrototypeDescription$RemovedArgumentsInfo
instanceKlass com/android/tools/r8/graph/GraphLense$RewrittenPrototypeDescription
instanceKlass com/android/tools/r8/ir/code/ValueNumberGenerator
instanceKlass com/android/tools/r8/it/unimi/dsi/fastutil/objects/Reference2IntMap$FastEntrySet
instanceKlass com/android/tools/r8/it/unimi/dsi/fastutil/objects/ReferenceSet
instanceKlass com/android/tools/r8/it/unimi/dsi/fastutil/objects/AbstractReference2IntFunction
instanceKlass com/android/tools/r8/ir/code/ImpreciseMemberTypeInstruction
instanceKlass com/android/tools/r8/it/unimi/dsi/fastutil/objects/Reference2IntMap
instanceKlass com/android/tools/r8/it/unimi/dsi/fastutil/objects/Reference2IntFunction
instanceKlass com/android/tools/r8/ir/conversion/IRBuilder
instanceKlass com/android/tools/r8/it/unimi/dsi/fastutil/ints/AbstractInt2ReferenceMap$BasicEntry
instanceKlass com/android/tools/r8/it/unimi/dsi/fastutil/ints/Int2ReferenceMap$Entry
instanceKlass com/android/tools/r8/ir/conversion/JarState$LocalsAtOffset
instanceKlass com/android/tools/r8/it/unimi/dsi/fastutil/objects/ObjectSortedSet
instanceKlass com/android/tools/r8/it/unimi/dsi/fastutil/ints/IntComparator
instanceKlass com/android/tools/r8/it/unimi/dsi/fastutil/ints/IntSortedSet
instanceKlass com/android/tools/r8/ir/conversion/JarState$Local
instanceKlass com/android/tools/r8/it/unimi/dsi/fastutil/ints/Int2ReferenceSortedMap
instanceKlass com/android/tools/r8/ir/conversion/JarState
instanceKlass com/android/tools/r8/graph/JarApplicationReader$$Lambda$855
instanceKlass com/android/tools/r8/graph/JarApplicationReader$$Lambda$853
instanceKlass com/android/tools/r8/graph/JarApplicationReader$$Lambda$854
instanceKlass com/android/tools/r8/graph/JarApplicationReader$$Lambda$856
instanceKlass com/android/tools/r8/it/unimi/dsi/fastutil/ints/Int2ReferenceMap$FastEntrySet
instanceKlass com/android/tools/r8/it/unimi/dsi/fastutil/objects/ReferenceCollection
instanceKlass com/android/tools/r8/it/unimi/dsi/fastutil/ints/AbstractInt2ReferenceFunction
instanceKlass com/android/tools/r8/ir/conversion/JarSourceCode$TryCatchBlock
instanceKlass com/android/tools/r8/it/unimi/dsi/fastutil/ints/Int2ReferenceMap
instanceKlass com/android/tools/r8/it/unimi/dsi/fastutil/ints/Int2ReferenceFunction
instanceKlass com/android/tools/r8/ir/conversion/JarSourceCode
instanceKlass com/android/tools/r8/org/objectweb/asm/tree/TryCatchBlockNode
instanceKlass com/android/tools/r8/org/objectweb/asm/tree/InsnList$InsnListIterator
instanceKlass com/android/tools/r8/org/objectweb/asm/Label
instanceKlass com/android/tools/r8/org/objectweb/asm/tree/InsnList
instanceKlass com/android/tools/r8/org/objectweb/asm/tree/Util
instanceKlass com/android/tools/r8/org/objectweb/asm/tree/AbstractInsnNode
instanceKlass com/android/tools/r8/graph/JarCode$DefaultCodeLocator
instanceKlass com/android/tools/r8/org/objectweb/asm/Opcodes
instanceKlass com/android/tools/r8/ir/conversion/IRConverter$$Lambda$846
instanceKlass com/android/tools/r8/ir/conversion/IRConverter$$Lambda$849
instanceKlass com/android/tools/r8/ir/conversion/IRConverter$$Lambda$848
instanceKlass com/android/tools/r8/ir/conversion/IRConverter$$Lambda$847
instanceKlass com/android/tools/r8/ir/conversion/IRConverter$$Lambda$852
instanceKlass com/android/tools/r8/ir/conversion/IRConverter$$Lambda$850
instanceKlass com/android/tools/r8/ir/conversion/IRConverter$$Lambda$851
instanceKlass com/android/tools/r8/ir/code/IRCode
instanceKlass com/android/tools/r8/ir/optimize/Outliner
instanceKlass com/android/tools/r8/ir/conversion/IRConverter$$Lambda$843
instanceKlass com/android/tools/r8/ir/conversion/IRConverter$$Lambda$841
instanceKlass com/android/tools/r8/ir/conversion/IRConverter$$Lambda$845
instanceKlass com/android/tools/r8/ir/conversion/IRConverter$$Lambda$839
instanceKlass com/android/tools/r8/ir/conversion/IRConverter$$Lambda$842
instanceKlass com/android/tools/r8/ir/conversion/IRConverter$$Lambda$840
instanceKlass com/android/tools/r8/ir/conversion/IRConverter$$Lambda$844
instanceKlass java/lang/invoke/LambdaForm$MH
instanceKlass com/android/tools/r8/graph/DexEncodedMethod$OptimizationInfoImpl
instanceKlass java/lang/invoke/LambdaForm$MH
instanceKlass java/lang/invoke/LambdaForm$MH
instanceKlass java/lang/invoke/LambdaForm$MH
instanceKlass java/lang/invoke/LambdaForm$MH
instanceKlass java/lang/invoke/LambdaForm$MH
instanceKlass java/lang/invoke/LambdaForm$MH
instanceKlass com/android/tools/r8/ir/conversion/IRConverter$$Lambda$832
instanceKlass com/android/tools/r8/ir/conversion/IRConverter$$Lambda$834
instanceKlass com/android/tools/r8/ir/conversion/IRConverter$$Lambda$838
instanceKlass com/android/tools/r8/ir/conversion/IRConverter$$Lambda$837
instanceKlass com/android/tools/r8/ir/conversion/IRConverter$$Lambda$836
instanceKlass com/android/tools/r8/ir/conversion/IRConverter$$Lambda$835
instanceKlass com/android/tools/r8/ir/conversion/IRConverter$$Lambda$833
instanceKlass com/android/tools/r8/ir/conversion/IRConverter$$Lambda$827
instanceKlass java/lang/invoke/LambdaForm$DMH
instanceKlass java/lang/invoke/LambdaForm$DMH
instanceKlass java/lang/invoke/LambdaForm$DMH
instanceKlass java/lang/invoke/LambdaForm$DMH
instanceKlass java/lang/invoke/LambdaForm$DMH
instanceKlass java/lang/invoke/LambdaForm$DMH
instanceKlass com/android/tools/r8/ir/conversion/IRConverter$$Lambda$829
instanceKlass com/android/tools/r8/ir/conversion/IRConverter$$Lambda$831
instanceKlass com/android/tools/r8/ir/conversion/IRConverter$$Lambda$826
instanceKlass com/android/tools/r8/ir/conversion/IRConverter$$Lambda$825
instanceKlass com/android/tools/r8/ir/conversion/IRConverter$$Lambda$828
instanceKlass com/android/tools/r8/ir/conversion/IRConverter$$Lambda$830
instanceKlass com/android/tools/r8/graph/DexApplication$$Lambda$824
instanceKlass com/android/tools/r8/graph/DexApplication$$Lambda$823
instanceKlass com/android/tools/r8/graph/DexApplication$$Lambda$822
instanceKlass com/android/tools/r8/com/google/common/collect/HashBiMap$Itr
instanceKlass com/android/tools/r8/it/unimi/dsi/fastutil/Hash$Strategy
instanceKlass com/android/tools/r8/ir/optimize/IdempotentFunctionCallCanonicalizer
instanceKlass com/android/tools/r8/it/unimi/dsi/fastutil/objects/Object2BooleanMap
instanceKlass com/android/tools/r8/it/unimi/dsi/fastutil/objects/Object2BooleanFunction
instanceKlass com/android/tools/r8/ir/desugar/Java8MethodRewriter$RewritableMethods$$Lambda$815
instanceKlass com/android/tools/r8/ir/desugar/Java8MethodRewriter$RewritableMethods$$Lambda$802
instanceKlass com/android/tools/r8/ir/optimize/DeadCodeRemover
instanceKlass com/android/tools/r8/ir/optimize/string/StringOptimizer
instanceKlass com/android/tools/r8/ir/desugar/CovariantReturnTypeAnnotationTransformer
instanceKlass com/android/tools/r8/ir/desugar/Java8MethodRewriter$RewritableMethods$$Lambda$821
instanceKlass com/android/tools/r8/ir/desugar/Java8MethodRewriter$RewritableMethods$$Lambda$820
instanceKlass com/android/tools/r8/ir/desugar/Java8MethodRewriter$RewritableMethods$$Lambda$819
instanceKlass com/android/tools/r8/ir/desugar/Java8MethodRewriter$RewritableMethods$$Lambda$818
instanceKlass com/android/tools/r8/ir/desugar/Java8MethodRewriter$RewritableMethods$$Lambda$817
instanceKlass com/android/tools/r8/ir/desugar/Java8MethodRewriter$RewritableMethods$$Lambda$816
instanceKlass com/android/tools/r8/ir/desugar/Java8MethodRewriter$RewritableMethods$$Lambda$814
instanceKlass com/android/tools/r8/ir/desugar/Java8MethodRewriter$RewritableMethods$$Lambda$811
instanceKlass com/android/tools/r8/ir/desugar/Java8MethodRewriter$RewritableMethods$$Lambda$813
instanceKlass com/android/tools/r8/ir/desugar/Java8MethodRewriter$RewritableMethods$$Lambda$812
instanceKlass com/android/tools/r8/ir/desugar/Java8MethodRewriter$RewritableMethods$$Lambda$810
instanceKlass com/android/tools/r8/ir/desugar/Java8MethodRewriter$RewritableMethods$$Lambda$809
instanceKlass com/android/tools/r8/ir/desugar/Java8MethodRewriter$RewritableMethods$$Lambda$808
instanceKlass com/android/tools/r8/ir/desugar/Java8MethodRewriter$RewritableMethods$$Lambda$807
instanceKlass com/android/tools/r8/ir/desugar/Java8MethodRewriter$RewritableMethods$$Lambda$806
instanceKlass com/android/tools/r8/ir/desugar/Java8MethodRewriter$RewritableMethods$$Lambda$804
instanceKlass com/android/tools/r8/ir/desugar/Java8MethodRewriter$RewritableMethods$$Lambda$805
instanceKlass com/android/tools/r8/ir/desugar/Java8MethodRewriter$RewritableMethods$$Lambda$803
instanceKlass com/android/tools/r8/ir/desugar/Java8MethodRewriter$RewritableMethods$$Lambda$796
instanceKlass com/android/tools/r8/ir/desugar/Java8MethodRewriter$RewritableMethods$$Lambda$801
instanceKlass com/android/tools/r8/ir/desugar/Java8MethodRewriter$RewritableMethods$$Lambda$798
instanceKlass com/android/tools/r8/ir/desugar/Java8MethodRewriter$RewritableMethods$$Lambda$800
instanceKlass com/android/tools/r8/ir/desugar/Java8MethodRewriter$RewritableMethods$$Lambda$797
instanceKlass com/android/tools/r8/ir/desugar/Java8MethodRewriter$RewritableMethods$$Lambda$799
instanceKlass com/android/tools/r8/ir/desugar/Java8MethodRewriter$RewritableMethods$$Lambda$712
instanceKlass com/android/tools/r8/ir/desugar/Java8MethodRewriter$RewritableMethods$$Lambda$793
instanceKlass com/android/tools/r8/ir/desugar/Java8MethodRewriter$RewritableMethods$$Lambda$795
instanceKlass com/android/tools/r8/ir/desugar/Java8MethodRewriter$RewritableMethods$$Lambda$794
instanceKlass com/android/tools/r8/ir/desugar/Java8MethodRewriter$RewritableMethods$$Lambda$791
instanceKlass com/android/tools/r8/ir/desugar/Java8MethodRewriter$RewritableMethods$$Lambda$792
instanceKlass com/android/tools/r8/ir/desugar/Java8MethodRewriter$RewritableMethods$$Lambda$790
instanceKlass com/android/tools/r8/ir/desugar/Java8MethodRewriter$RewritableMethods$$Lambda$787
instanceKlass com/android/tools/r8/ir/desugar/Java8MethodRewriter$RewritableMethods$$Lambda$789
instanceKlass com/android/tools/r8/ir/desugar/Java8MethodRewriter$RewritableMethods$$Lambda$788
instanceKlass com/android/tools/r8/ir/desugar/Java8MethodRewriter$RewritableMethods$$Lambda$786
instanceKlass com/android/tools/r8/ir/desugar/Java8MethodRewriter$RewritableMethods$$Lambda$785
instanceKlass com/android/tools/r8/ir/desugar/Java8MethodRewriter$RewritableMethods$$Lambda$784
instanceKlass com/android/tools/r8/ir/desugar/Java8MethodRewriter$RewritableMethods$$Lambda$783
instanceKlass com/android/tools/r8/ir/desugar/Java8MethodRewriter$RewritableMethods$$Lambda$781
instanceKlass com/android/tools/r8/ir/desugar/Java8MethodRewriter$RewritableMethods$$Lambda$782
instanceKlass com/android/tools/r8/ir/desugar/Java8MethodRewriter$RewritableMethods$$Lambda$780
instanceKlass com/android/tools/r8/ir/desugar/Java8MethodRewriter$RewritableMethods$$Lambda$778
instanceKlass com/android/tools/r8/ir/desugar/Java8MethodRewriter$RewritableMethods$$Lambda$779
instanceKlass com/android/tools/r8/ir/desugar/Java8MethodRewriter$RewritableMethods$$Lambda$777
instanceKlass com/android/tools/r8/ir/desugar/Java8MethodRewriter$RewritableMethods$$Lambda$775
instanceKlass com/android/tools/r8/ir/desugar/Java8MethodRewriter$RewritableMethods$$Lambda$772
instanceKlass com/android/tools/r8/ir/desugar/Java8MethodRewriter$RewritableMethods$$Lambda$774
instanceKlass com/android/tools/r8/ir/desugar/Java8MethodRewriter$RewritableMethods$$Lambda$776
instanceKlass com/android/tools/r8/ir/desugar/Java8MethodRewriter$RewritableMethods$$Lambda$773
instanceKlass com/android/tools/r8/ir/desugar/Java8MethodRewriter$RewritableMethods$$Lambda$769
instanceKlass com/android/tools/r8/ir/desugar/Java8MethodRewriter$RewritableMethods$$Lambda$771
instanceKlass com/android/tools/r8/ir/desugar/Java8MethodRewriter$RewritableMethods$$Lambda$768
instanceKlass com/android/tools/r8/ir/desugar/Java8MethodRewriter$RewritableMethods$$Lambda$770
instanceKlass com/android/tools/r8/ir/desugar/Java8MethodRewriter$RewritableMethods$$Lambda$766
instanceKlass com/android/tools/r8/ir/desugar/Java8MethodRewriter$RewritableMethods$$Lambda$767
instanceKlass com/android/tools/r8/ir/desugar/Java8MethodRewriter$RewritableMethods$$Lambda$765
instanceKlass com/android/tools/r8/ir/desugar/Java8MethodRewriter$RewritableMethods$$Lambda$763
instanceKlass com/android/tools/r8/ir/desugar/Java8MethodRewriter$RewritableMethods$$Lambda$764
instanceKlass com/android/tools/r8/ir/desugar/Java8MethodRewriter$RewritableMethods$$Lambda$762
instanceKlass com/android/tools/r8/ir/desugar/Java8MethodRewriter$RewritableMethods$$Lambda$760
instanceKlass com/android/tools/r8/ir/desugar/Java8MethodRewriter$RewritableMethods$$Lambda$761
instanceKlass com/android/tools/r8/ir/desugar/Java8MethodRewriter$RewritableMethods$$Lambda$759
instanceKlass com/android/tools/r8/ir/desugar/Java8MethodRewriter$RewritableMethods$$Lambda$757
instanceKlass com/android/tools/r8/ir/desugar/Java8MethodRewriter$RewritableMethods$$Lambda$758
instanceKlass com/android/tools/r8/ir/desugar/Java8MethodRewriter$RewritableMethods$$Lambda$756
instanceKlass com/android/tools/r8/ir/desugar/Java8MethodRewriter$RewritableMethods$$Lambda$755
instanceKlass com/android/tools/r8/ir/desugar/Java8MethodRewriter$RewritableMethods$$Lambda$754
instanceKlass com/android/tools/r8/ir/desugar/Java8MethodRewriter$RewritableMethods$$Lambda$753
instanceKlass com/android/tools/r8/ir/desugar/Java8MethodRewriter$RewritableMethods$$Lambda$752
instanceKlass com/android/tools/r8/ir/desugar/Java8MethodRewriter$RewritableMethods$$Lambda$750
instanceKlass com/android/tools/r8/ir/desugar/Java8MethodRewriter$RewritableMethods$$Lambda$751
instanceKlass com/android/tools/r8/ir/desugar/Java8MethodRewriter$RewritableMethods$$Lambda$748
instanceKlass com/android/tools/r8/ir/desugar/Java8MethodRewriter$RewritableMethods$$Lambda$749
instanceKlass com/android/tools/r8/ir/desugar/Java8MethodRewriter$RewritableMethods$$Lambda$746
instanceKlass com/android/tools/r8/ir/desugar/Java8MethodRewriter$RewritableMethods$$Lambda$745
instanceKlass com/android/tools/r8/ir/desugar/Java8MethodRewriter$RewritableMethods$$Lambda$747
